<?xml version="1.0" encoding="UTF-8"?>
<!-- Generated by org.testng.reporters.JUnitReportReporter -->
<testsuite skipped="0" hostname="Kumar" name="com.sampletestng.AdactineHotel" tests="2" failures="0" timestamp="26 Oct 2022 22:35:26 GMT" time="9.469" errors="0">
  <testcase name="adactinHotelLogin" time="8.871" classname="com.sampletestng.AdactineHotel"/>
  <testcase name="searchDeatils" time="0.598" classname="com.sampletestng.AdactineHotel"/>
</testsuite> <!-- com.sampletestng.AdactineHotel -->
