<?xml version="1.0" encoding="UTF-8"?>
<!-- Generated by org.testng.reporters.JUnitReportReporter -->
<testsuite skipped="0" hostname="Kumar" name="com.sampletestng.TestNg1" tests="3" failures="0" timestamp="10 Oct 2022 18:47:00 GMT" time="0.026" errors="0">
  <testcase name="test13" time="0.002" classname="com.sampletestng.TestNg1"/>
  <testcase name="test11" time="0.020" classname="com.sampletestng.TestNg1"/>
  <testcase name="test12" time="0.004" classname="com.sampletestng.TestNg1"/>
</testsuite> <!-- com.sampletestng.TestNg1 -->
