<?xml version="1.0" encoding="UTF-8"?>
<!-- Generated by org.testng.reporters.JUnitReportReporter -->
<testsuite skipped="0" hostname="Kumar" name="com.sampletestng.TestNg2" tests="3" failures="0" timestamp="25 Aug 2022 12:55:46 GMT" time="0.003" errors="0">
  <testcase name="test21" time="0.001" classname="com.sampletestng.TestNg2"/>
  <testcase name="test22" time="0.001" classname="com.sampletestng.TestNg2"/>
  <testcase name="test23" time="0.001" classname="com.sampletestng.TestNg2"/>
</testsuite> <!-- com.sampletestng.TestNg2 -->
