<?xml version="1.0" encoding="UTF-8"?>
<!-- Generated by org.testng.reporters.JUnitReportReporter -->
<testsuite skipped="0" hostname="Kumar" name="com.testngpackage.TestNgClass" tests="2" failures="0" timestamp="20 Oct 2022 18:23:48 GMT" time="0.659" errors="0">
  <testcase name="test7" time="0.145" classname="com.testngpackage.TestNgClass"/>
  <testcase name="test6" time="0.514" classname="com.testngpackage.TestNgClass"/>
</testsuite> <!-- com.testngpackage.TestNgClass -->
