<?xml version="1.0" encoding="UTF-8"?>
<!-- Generated by org.testng.reporters.JUnitReportReporter -->
<testsuite skipped="2" hostname="Kumar" name="com.sampletestng.TestNgSample" tests="10" failures="0" timestamp="06 Sep 2022 19:12:03 GMT" time="0.035" errors="0">
  <testcase name="test4" time="0.035" classname="com.sampletestng.TestNgSample"/>
  <testcase name="test8" time="0.000" classname="com.sampletestng.TestNgSample"/>
  <testcase name="test1" time="0.000" classname="com.sampletestng.TestNgSample"/>
  <testcase name="test1" time="0.000" classname="com.sampletestng.TestNgSample"/>
  <testcase name="test1" time="0.000" classname="com.sampletestng.TestNgSample"/>
  <testcase name="test9" time="0.000" classname="com.sampletestng.TestNgSample"/>
  <testcase name="test6" time="0.000" classname="com.sampletestng.TestNgSample"/>
  <testcase name="test5" time="0.000" classname="com.sampletestng.TestNgSample"/>
  <testcase name="test2" classname="com.sampletestng.TestNgSample">
    <skipped/>
  </testcase> <!-- test2 -->
  <testcase name="test7" classname="com.sampletestng.TestNgSample">
    <skipped/>
  </testcase> <!-- test7 -->
</testsuite> <!-- com.sampletestng.TestNgSample -->
