<?xml version="1.0" encoding="UTF-8"?>
<!-- Generated by org.testng.reporters.JUnitReportReporter -->
<testsuite skipped="0" hostname="Kumar" name="org.dataprovider.DataProviderTestNg" tests="5" failures="0" timestamp="08 Sep 2022 19:10:24 GMT" time="96.300" errors="0">
  <testcase name="sample" time="23.525" classname="org.dataprovider.DataProviderTestNg"/>
  <testcase name="sample" time="11.659" classname="org.dataprovider.DataProviderTestNg"/>
  <testcase name="sample" time="21.986" classname="org.dataprovider.DataProviderTestNg"/>
  <testcase name="sample" time="19.343" classname="org.dataprovider.DataProviderTestNg"/>
  <testcase name="sample" time="19.787" classname="org.dataprovider.DataProviderTestNg"/>
</testsuite> <!-- org.dataprovider.DataProviderTestNg -->
