<?xml version="1.0" encoding="UTF-8"?>
<!-- Generated by org.testng.reporters.JUnitReportReporter -->
<testsuite skipped="0" hostname="Kumar" name="com.blazedemo.PomClass" tests="1" failures="0" timestamp="06 Sep 2022 21:08:17 GMT" time="7.163" errors="0">
  <testcase name="blazeDemo" time="7.163" classname="com.blazedemo.PomClass"/>
</testsuite> <!-- com.blazedemo.PomClass -->
